09:27:58 **** Build of configuration Debug for project OpenCVTests ****
/Users/leeranraphaely/android-ndk-r8d/ndk-build all 
Compile++ thumb  : opencv_tests <= motion_averager.cpp
/Users/leeranraphaely/Documents/ResearchWorkspace/OpenCVTests/jni/motion_averager.cpp: In function '_jobject* Java_edu_washington_cs_opencvtests_MovementDetection_DetectMovementPosition(JNIEnv*, jobject, jlong)':
/Users/leeranraphaely/Documents/ResearchWorkspace/OpenCVTests/jni/motion_averager.cpp:29:17: error: base operand of '->' has non-pointer type 'JNIEnv {aka _JNIEnv}'
make: *** [/Users/leeranraphaely/Documents/ResearchWorkspace/OpenCVTests/obj/local/armeabi-v7a/objs/opencv_tests/motion_averager.o] Error 1

09:28:01 Build Finished (took 2s.376ms)

09:28:01 **** Build of configuration Release for project OpenCVTests ****
make all 
Building file: ../jni/motion_averager.cpp
Invoking: Cross G++ Compiler
g++ -O3 -Wall -c -fmessage-length=0 -MMD -MP -MF"jni/motion_averager.d" -MT"jni/motion_averager.d" -o "jni/motion_averager.o" "../jni/motion_averager.cpp"
../jni/motion_averager.cpp:1:17: warning: jni.h: No such file or directory
../jni/motion_averager.cpp:2:33: warning: opencv2/core/core.hpp: No such file or directory
../jni/motion_averager.cpp:3:39: warning: opencv2/imgproc/imgproc.hpp: No such file or directory
../jni/motion_averager.cpp:4:45: warning: opencv2/features2d/features2d.hpp: No such file or directory
../jni/motion_averager.cpp:8: error: 'cv' is not a namespace-name
../jni/motion_averager.cpp:8: error: expected namespace-name before ';' token
../jni/motion_averager.cpp:11: error: 'JNIEXPORT' does not name a type
../jni/motion_averager.cpp:13: error: 'JNIEXPORT' does not name a type
make: *** [jni/motion_averager.o] Error 1
09:29:19 **** Clean-only build of configuration Debug for project OpenCVTests ****
/Users/leeranraphaely/android-ndk-r8d/ndk-build clean 
Clean: gnustl_shared [armeabi-v7a]
Clean: gnustl_static [armeabi-v7a]
Clean: opencv_tests [armeabi-v7a]
09:29:20 **** Incremental Build of configuration Debug for project OpenCVTests ****
/Users/leeranraphaely/android-ndk-r8d/ndk-build all 
Compile++ thumb  : opencv_tests <= motion_averager.cpp
/Users/leeranraphaely/Documents/ResearchWorkspace/OpenCVTests/jni/motion_averager.cpp: In function '_jobject* Java_edu_washington_cs_opencvtests_MovementDetection_DetectMovementPosition(JNIEnv*, jobject, jlong)':
/Users/leeranraphaely/Documents/ResearchWorkspace/OpenCVTests/jni/motion_averager.cpp:29:17: error: base operand of '->' has non-pointer type 'JNIEnv {aka _JNIEnv}'
make: *** [/Users/leeranraphaely/Documents/ResearchWorkspace/OpenCVTests/obj/local/armeabi-v7a/objs/opencv_tests/motion_averager.o] Error 1
09:30:38 **** Incremental Build of configuration Debug for project OpenCVTests ****
/Users/leeranraphaely/android-ndk-r8d/ndk-build all 
Compile++ thumb  : opencv_tests <= motion_averager.cpp
/Users/leeranraphaely/Documents/ResearchWorkspace/OpenCVTests/jni/motion_averager.cpp: In function '_jobject* Java_edu_washington_cs_opencvtests_MovementDetection_DetectMovementPosition(JNIEnv*, jobject, jlong)':
/Users/leeranraphaely/Documents/ResearchWorkspace/OpenCVTests/jni/motion_averager.cpp:30:58: error: invalid conversion from 'jobject {aka _jobject*}' to 'jclass {aka _jclass*}' [-fpermissive]
/Users/leeranraphaely/android-ndk-r8d/platforms/android-8/arch-arm/usr/include/jni.h:604:15: error:   initializing argument 1 of '_jmethodID* _JNIEnv::GetMethodID(jclass, char const*, char const*)' [-fpermissive]
/Users/leeranraphaely/Documents/ResearchWorkspace/OpenCVTests/jni/motion_averager.cpp:31:57: error: invalid conversion from 'jobject {aka _jobject*}' to 'jclass {aka _jclass*}' [-fpermissive]
/Users/leeranraphaely/android-ndk-r8d/platforms/android-8/arch-arm/usr/include/jni.h:583:13: error:   initializing argument 1 of '_jobject* _JNIEnv::NewObject(jclass, jmethodID, ...)' [-fpermissive]
make: *** [/Users/leeranraphaely/Documents/ResearchWorkspace/OpenCVTests/obj/local/armeabi-v7a/objs/opencv_tests/motion_averager.o] Error 1
09:31:42 **** Incremental Build of configuration Debug for project OpenCVTests ****
/Users/leeranraphaely/android-ndk-r8d/ndk-build all 
Compile++ thumb  : opencv_tests <= motion_averager.cpp
Prebuilt       : libgnustl_static.a <= <NDK>/sources/cxx-stl/gnu-libstdc++/4.6/libs/armeabi-v7a/
SharedLibrary  : libopencv_tests.so
Install        : libopencv_tests.so => libs/armeabi-v7a/libopencv_tests.so
09:40:57 **** Incremental Build of configuration Debug for project OpenCVTests ****
/Users/leeranraphaely/android-ndk-r8d/ndk-build all 
Compile++ thumb  : opencv_tests <= motion_averager.cpp
SharedLibrary  : libopencv_tests.so
Install        : libopencv_tests.so => libs/armeabi-v7a/libopencv_tests.so
09:42:00 **** Incremental Build of configuration Debug for project OpenCVTests ****
/Users/leeranraphaely/android-ndk-r8d/ndk-build all 
Compile++ thumb  : opencv_tests <= motion_averager.cpp
SharedLibrary  : libopencv_tests.so
Install        : libopencv_tests.so => libs/armeabi-v7a/libopencv_tests.so
09:42:40 **** Incremental Build of configuration Debug for project OpenCVTests ****
/Users/leeranraphaely/android-ndk-r8d/ndk-build all 
Compile++ thumb  : opencv_tests <= motion_averager.cpp
SharedLibrary  : libopencv_tests.so
Install        : libopencv_tests.so => libs/armeabi-v7a/libopencv_tests.so
09:43:32 **** Incremental Build of configuration Debug for project OpenCVTests ****
/Users/leeranraphaely/android-ndk-r8d/ndk-build all 
Compile++ thumb  : opencv_tests <= motion_averager.cpp
SharedLibrary  : libopencv_tests.so
Install        : libopencv_tests.so => libs/armeabi-v7a/libopencv_tests.so
09:44:13 **** Incremental Build of configuration Debug for project OpenCVTests ****
/Users/leeranraphaely/android-ndk-r8d/ndk-build all 
Compile++ thumb  : opencv_tests <= motion_averager.cpp
SharedLibrary  : libopencv_tests.so
Install        : libopencv_tests.so => libs/armeabi-v7a/libopencv_tests.so
09:45:22 **** Incremental Build of configuration Debug for project OpenCVTests ****
/Users/leeranraphaely/android-ndk-r8d/ndk-build all 
Compile++ thumb  : opencv_tests <= motion_averager.cpp
SharedLibrary  : libopencv_tests.so
Install        : libopencv_tests.so => libs/armeabi-v7a/libopencv_tests.so
09:45:28 **** Incremental Build of configuration Debug for project OpenCVTests ****
/Users/leeranraphaely/android-ndk-r8d/ndk-build all 
Install        : libopencv_tests.so => libs/armeabi-v7a/libopencv_tests.so
09:50:05 **** Incremental Build of configuration Debug for project OpenCVTests ****
/Users/leeranraphaely/android-ndk-r8d/ndk-build all 
Compile++ thumb  : opencv_tests <= motion_averager.cpp
/Users/leeranraphaely/Documents/ResearchWorkspace/OpenCVTests/jni/motion_averager.cpp: In function '_jobject* Java_edu_washington_cs_opencvtests_MovementDetection_DetectMovementPosition(JNIEnv*, jobject, jlong)':
/Users/leeranraphaely/Documents/ResearchWorkspace/OpenCVTests/jni/motion_averager.cpp:21:27: error: no match for call to '(cv::Mat::MStep) ()'
/Users/leeranraphaely/Documents/ResearchWorkspace/OpenCVTests/jni/motion_averager.cpp:29:16: error: invalid use of member (did you forget the '&' ?)
make: *** [/Users/leeranraphaely/Documents/ResearchWorkspace/OpenCVTests/obj/local/armeabi-v7a/objs/opencv_tests/motion_averager.o] Error 1
09:52:02 **** Incremental Build of configuration Debug for project OpenCVTests ****
/Users/leeranraphaely/android-ndk-r8d/ndk-build all 
Compile++ thumb  : opencv_tests <= motion_averager.cpp
/Users/leeranraphaely/Documents/ResearchWorkspace/OpenCVTests/jni/motion_averager.cpp: In function '_jobject* Java_edu_washington_cs_opencvtests_MovementDetection_DetectMovementPosition(JNIEnv*, jobject, jlong)':
/Users/leeranraphaely/Documents/ResearchWorkspace/OpenCVTests/jni/motion_averager.cpp:28:16: error: invalid use of member (did you forget the '&' ?)
make: *** [/Users/leeranraphaely/Documents/ResearchWorkspace/OpenCVTests/obj/local/armeabi-v7a/objs/opencv_tests/motion_averager.o] Error 1
09:53:01 **** Incremental Build of configuration Debug for project OpenCVTests ****
/Users/leeranraphaely/android-ndk-r8d/ndk-build all 
Compile++ thumb  : opencv_tests <= motion_averager.cpp
/Users/leeranraphaely/Documents/ResearchWorkspace/OpenCVTests/jni/motion_averager.cpp: In function '_jobject* Java_edu_washington_cs_opencvtests_MovementDetection_DetectMovementPosition(JNIEnv*, jobject, jlong)':
/Users/leeranraphaely/Documents/ResearchWorkspace/OpenCVTests/jni/motion_averager.cpp:28:17: error: invalid use of member (did you forget the '&' ?)
make: *** [/Users/leeranraphaely/Documents/ResearchWorkspace/OpenCVTests/obj/local/armeabi-v7a/objs/opencv_tests/motion_averager.o] Error 1
09:54:18 **** Incremental Build of configuration Debug for project OpenCVTests ****
/Users/leeranraphaely/android-ndk-r8d/ndk-build all 
Compile++ thumb  : opencv_tests <= motion_averager.cpp
/Users/leeranraphaely/Documents/ResearchWorkspace/OpenCVTests/jni/motion_averager.cpp: In function '_jobject* Java_edu_washington_cs_opencvtests_MovementDetection_DetectMovementPosition(JNIEnv*, jobject, jlong)':
/Users/leeranraphaely/Documents/ResearchWorkspace/OpenCVTests/jni/motion_averager.cpp:28:16: error: no match for call to '(cv::Mat::MStep) ()'
/Users/leeranraphaely/Documents/ResearchWorkspace/OpenCVTests/jni/motion_averager.cpp:28:16: error: invalid use of member (did you forget the '&' ?)
make: *** [/Users/leeranraphaely/Documents/ResearchWorkspace/OpenCVTests/obj/local/armeabi-v7a/objs/opencv_tests/motion_averager.o] Error 1
09:55:15 **** Incremental Build of configuration Debug for project OpenCVTests ****
/Users/leeranraphaely/android-ndk-r8d/ndk-build all 
Compile++ thumb  : opencv_tests <= motion_averager.cpp
/Users/leeranraphaely/Documents/ResearchWorkspace/OpenCVTests/jni/motion_averager.cpp: In function '_jobject* Java_edu_washington_cs_opencvtests_MovementDetection_DetectMovementPosition(JNIEnv*, jobject, jlong)':
/Users/leeranraphaely/Documents/ResearchWorkspace/OpenCVTests/jni/motion_averager.cpp:28:16: error: invalid use of member (did you forget the '&' ?)
make: *** [/Users/leeranraphaely/Documents/ResearchWorkspace/OpenCVTests/obj/local/armeabi-v7a/objs/opencv_tests/motion_averager.o] Error 1
09:56:55 **** Incremental Build of configuration Debug for project OpenCVTests ****
/Users/leeranraphaely/android-ndk-r8d/ndk-build all 
Compile++ thumb  : opencv_tests <= motion_averager.cpp
SharedLibrary  : libopencv_tests.so
Install        : libopencv_tests.so => libs/armeabi-v7a/libopencv_tests.so
09:57:24 **** Incremental Build of configuration Debug for project OpenCVTests ****
/Users/leeranraphaely/android-ndk-r8d/ndk-build all 
Compile++ thumb  : opencv_tests <= motion_averager.cpp
/Users/leeranraphaely/Documents/ResearchWorkspace/OpenCVTests/jni/motion_averager.cpp: In function '_jobject* Java_edu_washington_cs_opencvtests_MovementDetection_DetectMovementPosition(JNIEnv*, jobject, jlong)':
/Users/leeranraphaely/Documents/ResearchWorkspace/OpenCVTests/jni/motion_averager.cpp:41:68: error: invalid use of member (did you forget the '&' ?)
make: *** [/Users/leeranraphaely/Documents/ResearchWorkspace/OpenCVTests/obj/local/armeabi-v7a/objs/opencv_tests/motion_averager.o] Error 1
09:57:39 **** Incremental Build of configuration Debug for project OpenCVTests ****
/Users/leeranraphaely/android-ndk-r8d/ndk-build all 
Compile++ thumb  : opencv_tests <= motion_averager.cpp
/Users/leeranraphaely/Documents/ResearchWorkspace/OpenCVTests/jni/motion_averager.cpp: In function '_jobject* Java_edu_washington_cs_opencvtests_MovementDetection_DetectMovementPosition(JNIEnv*, jobject, jlong)':
/Users/leeranraphaely/Documents/ResearchWorkspace/OpenCVTests/jni/motion_averager.cpp:41:68: error: invalid use of member (did you forget the '&' ?)
make: *** [/Users/leeranraphaely/Documents/ResearchWorkspace/OpenCVTests/obj/local/armeabi-v7a/objs/opencv_tests/motion_averager.o] Error 1
09:58:11 **** Incremental Build of configuration Debug for project OpenCVTests ****
/Users/leeranraphaely/android-ndk-r8d/ndk-build all 
Compile++ thumb  : opencv_tests <= motion_averager.cpp
SharedLibrary  : libopencv_tests.so
Install        : libopencv_tests.so => libs/armeabi-v7a/libopencv_tests.so
09:59:42 **** Incremental Build of configuration Debug for project OpenCVTests ****
/Users/leeranraphaely/android-ndk-r8d/ndk-build all 
Compile++ thumb  : opencv_tests <= motion_averager.cpp
SharedLibrary  : libopencv_tests.so
Install        : libopencv_tests.so => libs/armeabi-v7a/libopencv_tests.so
10:00:14 **** Incremental Build of configuration Debug for project OpenCVTests ****
/Users/leeranraphaely/android-ndk-r8d/ndk-build all 
Compile++ thumb  : opencv_tests <= motion_averager.cpp
SharedLibrary  : libopencv_tests.so
Install        : libopencv_tests.so => libs/armeabi-v7a/libopencv_tests.so
10:01:00 **** Incremental Build of configuration Debug for project OpenCVTests ****
/Users/leeranraphaely/android-ndk-r8d/ndk-build all 
Compile++ thumb  : opencv_tests <= motion_averager.cpp
SharedLibrary  : libopencv_tests.so
Install        : libopencv_tests.so => libs/armeabi-v7a/libopencv_tests.so
10:04:13 **** Incremental Build of configuration Debug for project OpenCVTests ****
/Users/leeranraphaely/android-ndk-r8d/ndk-build all 
Compile++ thumb  : opencv_tests <= motion_averager.cpp
SharedLibrary  : libopencv_tests.so
Install        : libopencv_tests.so => libs/armeabi-v7a/libopencv_tests.so
10:08:36 **** Incremental Build of configuration Debug for project OpenCVTests ****
/Users/leeranraphaely/android-ndk-r8d/ndk-build all 
Compile++ thumb  : opencv_tests <= motion_averager.cpp
SharedLibrary  : libopencv_tests.so
Install        : libopencv_tests.so => libs/armeabi-v7a/libopencv_tests.so
10:10:50 **** Incremental Build of configuration Debug for project OpenCVTests ****
/Users/leeranraphaely/android-ndk-r8d/ndk-build all 
Install        : libopencv_tests.so => libs/armeabi-v7a/libopencv_tests.so
10:12:24 **** Incremental Build of configuration Debug for project OpenCVTests ****
/Users/leeranraphaely/android-ndk-r8d/ndk-build all 
Install        : libopencv_tests.so => libs/armeabi-v7a/libopencv_tests.so
10:13:44 **** Incremental Build of configuration Debug for project OpenCVTests ****
/Users/leeranraphaely/android-ndk-r8d/ndk-build all 
Install        : libopencv_tests.so => libs/armeabi-v7a/libopencv_tests.so
10:15:32 **** Incremental Build of configuration Debug for project OpenCVTests ****
/Users/leeranraphaely/android-ndk-r8d/ndk-build all 
Install        : libopencv_tests.so => libs/armeabi-v7a/libopencv_tests.so
10:16:04 **** Incremental Build of configuration Debug for project OpenCVTests ****
/Users/leeranraphaely/android-ndk-r8d/ndk-build all 
Install        : libopencv_tests.so => libs/armeabi-v7a/libopencv_tests.so
10:24:25 **** Incremental Build of configuration Debug for project OpenCVTests ****
/Users/leeranraphaely/android-ndk-r8d/ndk-build all 
Compile++ thumb  : opencv_tests <= motion_averager.cpp
/Users/leeranraphaely/Documents/ResearchWorkspace/OpenCVTests/jni/motion_averager.cpp: In function '_jobject* Java_edu_washington_cs_opencvtests_MovementDetection_DetectMovementPosition(JNIEnv*, jobject, jlong)':
/Users/leeranraphaely/Documents/ResearchWorkspace/OpenCVTests/jni/motion_averager.cpp:44:102: error: invalid use of member (did you forget the '&' ?)
make: *** [/Users/leeranraphaely/Documents/ResearchWorkspace/OpenCVTests/obj/local/armeabi-v7a/objs/opencv_tests/motion_averager.o] Error 1
10:25:48 **** Incremental Build of configuration Debug for project OpenCVTests ****
/Users/leeranraphaely/android-ndk-r8d/ndk-build all 
Compile++ thumb  : opencv_tests <= motion_averager.cpp
/Users/leeranraphaely/Documents/ResearchWorkspace/OpenCVTests/jni/motion_averager.cpp: In function '_jobject* Java_edu_washington_cs_opencvtests_MovementDetection_DetectMovementPosition(JNIEnv*, jobject, jlong)':
/Users/leeranraphaely/Documents/ResearchWorkspace/OpenCVTests/jni/motion_averager.cpp:44:104: error: invalid use of member (did you forget the '&' ?)
make: *** [/Users/leeranraphaely/Documents/ResearchWorkspace/OpenCVTests/obj/local/armeabi-v7a/objs/opencv_tests/motion_averager.o] Error 1
10:26:08 **** Incremental Build of configuration Debug for project OpenCVTests ****
/Users/leeranraphaely/android-ndk-r8d/ndk-build all 
Compile++ thumb  : opencv_tests <= motion_averager.cpp
SharedLibrary  : libopencv_tests.so
Install        : libopencv_tests.so => libs/armeabi-v7a/libopencv_tests.so
10:27:02 **** Incremental Build of configuration Debug for project OpenCVTests ****
/Users/leeranraphaely/android-ndk-r8d/ndk-build all 
Install        : libopencv_tests.so => libs/armeabi-v7a/libopencv_tests.so
11:07:06 **** Build of configuration Debug for project OpenCVTests ****
/Users/leeranraphaely/android-ndk-r8d/ndk-build all 
Install        : libopencv_tests.so => libs/armeabi-v7a/libopencv_tests.so
11:07:26 **** Clean-only build of configuration Debug for project OpenCVTests ****
/Users/leeranraphaely/android-ndk-r8d/ndk-build clean 
Clean: gnustl_shared [armeabi-v7a]
Clean: gnustl_static [armeabi-v7a]
Clean: opencv_tests [armeabi-v7a]
11:09:27 **** Build of configuration Debug for project OpenCVTests ****
/Users/leeranraphaely/android-ndk-r8d/ndk-build all 
Compile++ thumb  : opencv_tests <= motion_averager.cpp
Prebuilt       : libgnustl_static.a <= <NDK>/sources/cxx-stl/gnu-libstdc++/4.6/libs/armeabi-v7a/
SharedLibrary  : libopencv_tests.so
Install        : libopencv_tests.so => libs/armeabi-v7a/libopencv_tests.so
11:09:42 **** Incremental Build of configuration Debug for project OpenCVTests ****
/Users/leeranraphaely/android-ndk-r8d/ndk-build all 
Install        : libopencv_tests.so => libs/armeabi-v7a/libopencv_tests.so
